<?xml version="1.0" encoding="UTF-8"?>
<!--
    JBoss, Home of Professional Open Source
    Copyright 2017, Red Hat, Inc. and/or its affiliates, and individual
    contributors by the @authors tag. See the copyright.txt in the
    distribution for a full listing of individual contributors.
    Licensed under the Apache License, Version 2.0 (the "License");
    you may not use this file except in compliance with the License.
    You may obtain a copy of the License at
    http://www.apache.org/licenses/LICENSE-2.0
    Unless required by applicable law or agreed to in writing, software
    distributed under the License is distributed on an "AS IS" BASIS,
    WITHOUT WARRANTIES OR CONDITIONS OF ANY KIND, either express or implied.
    See the License for the specific language governing permissions and
    limitations under the License.
-->
<configuration>
    <authentication-client xmlns="urn:elytron:client:1.4">
        <authentication-configurations>
            <configuration name="clear-cred">
                <credentials>
                    <clear-password password="password"/>
                </credentials>
            </configuration>
            <configuration name="masked-cred">
                <credentials>
                    <masked-password iteration-count="12" salt="12345678" masked-password="j37uUs8kG9t2QSWjoxxtDg=="/>
                </credentials>
            </configuration>
        </authentication-configurations>
        <key-stores>
            <key-store name="client-keystore" type="JKS">
                <file name="./target/keystore/client.keystore"/>
                <key-store-clear-password password="password"/>
            </key-store>
            <key-store name="masked-keystore" type="JKS">
                <file name="./target/keystore/client.keystore"/>
                <key-store-masked-password algorithm="masked-HMAC-SHA1-AES-128" key-material="testingKeyMaterial" iteration-count="12" salt="12345678" masked-password="9EQZkSe7w+VHasVXbNxuJA==" initialization-vector="QXRFBhXc7Z8dkQaFn1yRzQ=="/>
            </key-store>
        </key-stores>
        <ssl-contexts>
            <ssl-context name="client-ssl-context-clear">
                <key-store-ssl-certificate key-store-name="client-keystore" alias="testclient1">
                    <key-store-clear-password password="password"/>
                </key-store-ssl-certificate>
            </ssl-context>
            <ssl-context name="client-ssl-context-masked">
                <key-store-ssl-certificate key-store-name="masked-keystore" alias="testclient1">
                    <key-store-masked-password algorithm="masked-HMAC-SHA1-AES-128" key-material="testingKeyMaterial" iteration-count="12" salt="12345678" masked-password="9EQZkSe7w+VHasVXbNxuJA==" initialization-vector="QXRFBhXc7Z8dkQaFn1yRzQ=="/>
                </key-store-ssl-certificate>
            </ssl-context>
            <ssl-context name="both-cipher-suite-attributes">
                <key-store-ssl-certificate key-store-name="client-keystore" alias="testclient1">
                    <key-store-clear-password password="password"/>
                </key-store-ssl-certificate>
                <cipher-suite selector="TLS_RSA_WITH_AES_128_CBC_SHA256" names="TLS_AES_128_CCM_SHA256:TLS_AES_128_CCM_8_SHA256"/>
            </ssl-context>
            <ssl-context name="selector-only-cipher-suite-attributes">
                <key-store-ssl-certificate key-store-name="client-keystore" alias="testclient1">
                    <key-store-clear-password password="password"/>
                </key-store-ssl-certificate>
                <cipher-suite selector="TLS_RSA_WITH_AES_128_CBC_SHA256"/>
            </ssl-context>
            <ssl-context name="names-only-cipher-suite-attributes">
                <key-store-ssl-certificate key-store-name="client-keystore" alias="testclient1">
                    <key-store-clear-password password="password"/>
                </key-store-ssl-certificate>
                <cipher-suite names="TLS_AES_128_CCM_SHA256:TLS_AES_128_CCM_8_SHA256"/>
            </ssl-context>
        </ssl-contexts>
        <authentication-rules>
            <rule use-configuration="clear-cred">
                <match-host name="clear"/>
            </rule>
            <rule use-configuration="masked-cred">
                <match-host name="masked"/>
            </rule>
        </authentication-rules>
        <ssl-context-rules>
            <rule use-ssl-context="client-ssl-context-clear">
                <match-host name="clear"/>
            </rule>
            <rule use-ssl-context="client-ssl-context-masked">
                <match-host name="masked"/>
            </rule>
            <rule use-ssl-context="both-cipher-suite-attributes">
                <match-host name="both.org"/>
            </rule>
            <rule use-ssl-context="selector-only-cipher-suite-attributes">
                <match-host name="selector-only.org"/>
            </rule>
            <rule use-ssl-context="names-only-cipher-suite-attributes">
                <match-host name="names-only.org"/>
            </rule>
        </ssl-context-rules>
    </authentication-client>
</configuration>
